0 info it worked if it ends with ok
1 verbose cli [ 'node', '/usr/local/bin/npm', 'install', '-g' ]
2 info using npm@1.3.21
3 info using node@v0.10.24
4 verbose cache add [ '.', null ]
5 verbose cache add name=undefined spec="." args=[".",null]
6 verbose parsed url { protocol: null,
6 verbose parsed url   slashes: null,
6 verbose parsed url   auth: null,
6 verbose parsed url   host: null,
6 verbose parsed url   port: null,
6 verbose parsed url   hostname: null,
6 verbose parsed url   hash: null,
6 verbose parsed url   search: null,
6 verbose parsed url   query: null,
6 verbose parsed url   pathname: '.',
6 verbose parsed url   path: '.',
6 verbose parsed url   href: '.' }
7 silly lockFile 3a52ce78- .
8 verbose lock . /Users/zhangjingjing/.npm/3a52ce78-.lock
9 verbose tar pack [ '/var/folders/84/pcp5py994fz_lc1sh7y6x5040000gp/T/npm-3325-KTIPKzv6/1392105028036-0.6576412650756538/tmp.tgz',
9 verbose tar pack   '.' ]
10 verbose tarball /var/folders/84/pcp5py994fz_lc1sh7y6x5040000gp/T/npm-3325-KTIPKzv6/1392105028036-0.6576412650756538/tmp.tgz
11 verbose folder .
12 info prepublish jquery-plugin@0.0.0-ignored
13 silly lockFile 1f1177db-tar tar://.
14 verbose lock tar://. /Users/zhangjingjing/.npm/1f1177db-tar.lock
15 silly lockFile 91415e05-28036-0-6576412650756538-tmp-tgz tar:///var/folders/84/pcp5py994fz_lc1sh7y6x5040000gp/T/npm-3325-KTIPKzv6/1392105028036-0.6576412650756538/tmp.tgz
16 verbose lock tar:///var/folders/84/pcp5py994fz_lc1sh7y6x5040000gp/T/npm-3325-KTIPKzv6/1392105028036-0.6576412650756538/tmp.tgz /Users/zhangjingjing/.npm/91415e05-28036-0-6576412650756538-tmp-tgz.lock
17 silly lockFile 1f1177db-tar tar://.
18 silly lockFile 1f1177db-tar tar://.
19 silly lockFile 91415e05-28036-0-6576412650756538-tmp-tgz tar:///var/folders/84/pcp5py994fz_lc1sh7y6x5040000gp/T/npm-3325-KTIPKzv6/1392105028036-0.6576412650756538/tmp.tgz
20 silly lockFile 91415e05-28036-0-6576412650756538-tmp-tgz tar:///var/folders/84/pcp5py994fz_lc1sh7y6x5040000gp/T/npm-3325-KTIPKzv6/1392105028036-0.6576412650756538/tmp.tgz
21 verbose tar unpack /var/folders/84/pcp5py994fz_lc1sh7y6x5040000gp/T/npm-3325-KTIPKzv6/1392105028036-0.6576412650756538/tmp.tgz
22 silly lockFile 0518d3b3-28036-0-6576412650756538-package tar:///var/folders/84/pcp5py994fz_lc1sh7y6x5040000gp/T/npm-3325-KTIPKzv6/1392105028036-0.6576412650756538/package
23 verbose lock tar:///var/folders/84/pcp5py994fz_lc1sh7y6x5040000gp/T/npm-3325-KTIPKzv6/1392105028036-0.6576412650756538/package /Users/zhangjingjing/.npm/0518d3b3-28036-0-6576412650756538-package.lock
24 silly lockFile 91415e05-28036-0-6576412650756538-tmp-tgz tar:///var/folders/84/pcp5py994fz_lc1sh7y6x5040000gp/T/npm-3325-KTIPKzv6/1392105028036-0.6576412650756538/tmp.tgz
25 verbose lock tar:///var/folders/84/pcp5py994fz_lc1sh7y6x5040000gp/T/npm-3325-KTIPKzv6/1392105028036-0.6576412650756538/tmp.tgz /Users/zhangjingjing/.npm/91415e05-28036-0-6576412650756538-tmp-tgz.lock
26 silly gunzTarPerm modes [ '755', '644' ]
27 silly gunzTarPerm extractEntry package.json
28 silly gunzTarPerm extractEntry .npmignore
29 silly gunzTarPerm extractEntry README.md
30 silly gunzTarPerm extractEntry Gruntfile.js
31 silly gunzTarPerm extractEntry LICENSE-MIT
32 silly gunzTarPerm extractEntry CONTRIBUTING.md
33 silly gunzTarPerm extractEntry .jshintrc
34 silly gunzTarPerm extractEntry src/second_try.js
35 silly gunzTarPerm extractEntry src/.jshintrc
36 silly gunzTarPerm extractEntry test/second_try_test.js
37 silly gunzTarPerm extractEntry test/.jshintrc
38 silly gunzTarPerm extractEntry test/second_try.html
39 silly gunzTarPerm extractEntry second_try.jquery.json
40 silly gunzTarPerm extractEntry libs/jquery-loader.js
41 silly gunzTarPerm extractEntry libs/jquery/jquery.js
42 silly gunzTarPerm extractEntry libs/qunit/qunit.js
43 silly gunzTarPerm extractEntry libs/qunit/qunit.css
44 silly lockFile 0518d3b3-28036-0-6576412650756538-package tar:///var/folders/84/pcp5py994fz_lc1sh7y6x5040000gp/T/npm-3325-KTIPKzv6/1392105028036-0.6576412650756538/package
45 silly lockFile 0518d3b3-28036-0-6576412650756538-package tar:///var/folders/84/pcp5py994fz_lc1sh7y6x5040000gp/T/npm-3325-KTIPKzv6/1392105028036-0.6576412650756538/package
46 silly lockFile 91415e05-28036-0-6576412650756538-tmp-tgz tar:///var/folders/84/pcp5py994fz_lc1sh7y6x5040000gp/T/npm-3325-KTIPKzv6/1392105028036-0.6576412650756538/tmp.tgz
47 silly lockFile 91415e05-28036-0-6576412650756538-tmp-tgz tar:///var/folders/84/pcp5py994fz_lc1sh7y6x5040000gp/T/npm-3325-KTIPKzv6/1392105028036-0.6576412650756538/tmp.tgz
48 verbose tar pack [ '/Users/zhangjingjing/.npm/jquery-plugin/0.0.0-ignored/package.tgz',
48 verbose tar pack   '/var/folders/84/pcp5py994fz_lc1sh7y6x5040000gp/T/npm-3325-KTIPKzv6/1392105028036-0.6576412650756538/package' ]
49 verbose tarball /Users/zhangjingjing/.npm/jquery-plugin/0.0.0-ignored/package.tgz
50 verbose folder /var/folders/84/pcp5py994fz_lc1sh7y6x5040000gp/T/npm-3325-KTIPKzv6/1392105028036-0.6576412650756538/package
51 silly lockFile 0518d3b3-28036-0-6576412650756538-package tar:///var/folders/84/pcp5py994fz_lc1sh7y6x5040000gp/T/npm-3325-KTIPKzv6/1392105028036-0.6576412650756538/package
52 verbose lock tar:///var/folders/84/pcp5py994fz_lc1sh7y6x5040000gp/T/npm-3325-KTIPKzv6/1392105028036-0.6576412650756538/package /Users/zhangjingjing/.npm/0518d3b3-28036-0-6576412650756538-package.lock
53 silly lockFile 44a7a673-plugin-0-0-0-ignored-package-tgz tar:///Users/zhangjingjing/.npm/jquery-plugin/0.0.0-ignored/package.tgz
54 verbose lock tar:///Users/zhangjingjing/.npm/jquery-plugin/0.0.0-ignored/package.tgz /Users/zhangjingjing/.npm/44a7a673-plugin-0-0-0-ignored-package-tgz.lock
55 silly lockFile 0518d3b3-28036-0-6576412650756538-package tar:///var/folders/84/pcp5py994fz_lc1sh7y6x5040000gp/T/npm-3325-KTIPKzv6/1392105028036-0.6576412650756538/package
56 silly lockFile 0518d3b3-28036-0-6576412650756538-package tar:///var/folders/84/pcp5py994fz_lc1sh7y6x5040000gp/T/npm-3325-KTIPKzv6/1392105028036-0.6576412650756538/package
57 silly lockFile 44a7a673-plugin-0-0-0-ignored-package-tgz tar:///Users/zhangjingjing/.npm/jquery-plugin/0.0.0-ignored/package.tgz
58 silly lockFile 44a7a673-plugin-0-0-0-ignored-package-tgz tar:///Users/zhangjingjing/.npm/jquery-plugin/0.0.0-ignored/package.tgz
59 silly lockFile 86f70aaf-ery-plugin-0-0-0-ignored-package /Users/zhangjingjing/.npm/jquery-plugin/0.0.0-ignored/package
60 verbose lock /Users/zhangjingjing/.npm/jquery-plugin/0.0.0-ignored/package /Users/zhangjingjing/.npm/86f70aaf-ery-plugin-0-0-0-ignored-package.lock
61 silly lockFile 86f70aaf-ery-plugin-0-0-0-ignored-package /Users/zhangjingjing/.npm/jquery-plugin/0.0.0-ignored/package
62 silly lockFile 86f70aaf-ery-plugin-0-0-0-ignored-package /Users/zhangjingjing/.npm/jquery-plugin/0.0.0-ignored/package
63 verbose tar unpack /Users/zhangjingjing/.npm/jquery-plugin/0.0.0-ignored/package.tgz
64 silly lockFile bba54012-ery-plugin-0-0-0-ignored-package tar:///Users/zhangjingjing/.npm/jquery-plugin/0.0.0-ignored/package
65 verbose lock tar:///Users/zhangjingjing/.npm/jquery-plugin/0.0.0-ignored/package /Users/zhangjingjing/.npm/bba54012-ery-plugin-0-0-0-ignored-package.lock
66 silly lockFile 44a7a673-plugin-0-0-0-ignored-package-tgz tar:///Users/zhangjingjing/.npm/jquery-plugin/0.0.0-ignored/package.tgz
67 verbose lock tar:///Users/zhangjingjing/.npm/jquery-plugin/0.0.0-ignored/package.tgz /Users/zhangjingjing/.npm/44a7a673-plugin-0-0-0-ignored-package-tgz.lock
68 silly gunzTarPerm modes [ '755', '644' ]
69 silly gunzTarPerm extractEntry package.json
70 silly gunzTarPerm extractEntry .npmignore
71 silly gunzTarPerm extractEntry README.md
72 silly gunzTarPerm extractEntry Gruntfile.js
73 silly gunzTarPerm extractEntry LICENSE-MIT
74 silly gunzTarPerm extractEntry CONTRIBUTING.md
75 silly gunzTarPerm extractEntry libs/jquery-loader.js
76 silly gunzTarPerm extractEntry libs/jquery/jquery.js
77 silly gunzTarPerm extractEntry libs/qunit/qunit.js
78 silly gunzTarPerm extractEntry libs/qunit/qunit.css
79 silly gunzTarPerm extractEntry .jshintrc
80 silly gunzTarPerm extractEntry second_try.jquery.json
81 silly gunzTarPerm extractEntry src/second_try.js
82 silly gunzTarPerm extractEntry src/.jshintrc
83 silly gunzTarPerm extractEntry test/second_try_test.js
84 silly gunzTarPerm extractEntry test/.jshintrc
85 silly gunzTarPerm extractEntry test/second_try.html
86 silly lockFile bba54012-ery-plugin-0-0-0-ignored-package tar:///Users/zhangjingjing/.npm/jquery-plugin/0.0.0-ignored/package
87 silly lockFile bba54012-ery-plugin-0-0-0-ignored-package tar:///Users/zhangjingjing/.npm/jquery-plugin/0.0.0-ignored/package
88 silly lockFile 44a7a673-plugin-0-0-0-ignored-package-tgz tar:///Users/zhangjingjing/.npm/jquery-plugin/0.0.0-ignored/package.tgz
89 silly lockFile 44a7a673-plugin-0-0-0-ignored-package-tgz tar:///Users/zhangjingjing/.npm/jquery-plugin/0.0.0-ignored/package.tgz
90 verbose chmod /Users/zhangjingjing/.npm/jquery-plugin/0.0.0-ignored/package.tgz 644
91 verbose chown /Users/zhangjingjing/.npm/jquery-plugin/0.0.0-ignored/package.tgz [ 502, 20 ]
92 silly lockFile 3a52ce78- .
93 silly lockFile 3a52ce78- .
94 silly resolved [ { name: 'jquery-plugin',
94 silly resolved     version: '0.0.0-ignored',
94 silly resolved     engines: { node: '>= 0.8.0' },
94 silly resolved     scripts: { test: 'grunt qunit' },
94 silly resolved     devDependencies:
94 silly resolved      { 'grunt-contrib-jshint': '~0.6.0',
94 silly resolved        'grunt-contrib-qunit': '~0.2.0',
94 silly resolved        'grunt-contrib-concat': '~0.3.0',
94 silly resolved        'grunt-contrib-uglify': '~0.2.0',
94 silly resolved        'grunt-contrib-watch': '~0.4.0',
94 silly resolved        'grunt-contrib-clean': '~0.4.0',
94 silly resolved        grunt: '~0.4.2' },
94 silly resolved     readme: '# Second Try\n\nThe best jQuery plugin ever.\n\n## Getting Started\nDownload the [production version][min] or the [development version][max].\n\n[min]: https://raw.github.com/zhangjingjing820/grunt-jquery/master/dist/second_try.min.js\n[max]: https://raw.github.com/zhangjingjing820/grunt-jquery/master/dist/second_try.js\n\nIn your web page:\n\n```html\n<script src="jquery.js"></script>\n<script src="dist/second_try.min.js"></script>\n<script>\njQuery(function($) {\n  $.awesome(); // "awesome"\n});\n</script>\n```\n\n## Documentation\n_(Coming soon)_\n\n## Examples\n_(Coming soon)_\n\n## Release History\n_(Nothing yet)_\n',
94 silly resolved     readmeFilename: 'README.md',
94 silly resolved     description: 'The best jQuery plugin ever.',
94 silly resolved     _id: 'jquery-plugin@0.0.0-ignored',
94 silly resolved     dist: { shasum: 'a536d8f9d67add4cdbaa974a812528ddc9588055' },
94 silly resolved     _from: '.' } ]
95 info install jquery-plugin@0.0.0-ignored into /usr/local/lib
96 info installOne jquery-plugin@0.0.0-ignored
97 info /usr/local/lib/node_modules/jquery-plugin unbuild
98 verbose tar unpack /Users/zhangjingjing/.npm/jquery-plugin/0.0.0-ignored/package.tgz
99 silly lockFile f53bb9ad-l-lib-node-modules-jquery-plugin tar:///usr/local/lib/node_modules/jquery-plugin
100 verbose lock tar:///usr/local/lib/node_modules/jquery-plugin /Users/zhangjingjing/.npm/f53bb9ad-l-lib-node-modules-jquery-plugin.lock
101 silly lockFile 44a7a673-plugin-0-0-0-ignored-package-tgz tar:///Users/zhangjingjing/.npm/jquery-plugin/0.0.0-ignored/package.tgz
102 verbose lock tar:///Users/zhangjingjing/.npm/jquery-plugin/0.0.0-ignored/package.tgz /Users/zhangjingjing/.npm/44a7a673-plugin-0-0-0-ignored-package-tgz.lock
103 silly gunzTarPerm modes [ '755', '644' ]
104 error Error: EACCES, mkdir '/usr/local/lib/node_modules/jquery-plugin'
104 error  { [Error: EACCES, mkdir '/usr/local/lib/node_modules/jquery-plugin']
104 error   errno: 3,
104 error   code: 'EACCES',
104 error   path: '/usr/local/lib/node_modules/jquery-plugin',
104 error   fstream_type: 'Directory',
104 error   fstream_path: '/usr/local/lib/node_modules/jquery-plugin',
104 error   fstream_class: 'DirWriter',
104 error   fstream_stack:
104 error    [ '/usr/local/lib/node_modules/npm/node_modules/fstream/lib/dir-writer.js:36:23',
104 error      '/usr/local/lib/node_modules/npm/node_modules/mkdirp/index.js:37:53',
104 error      'Object.oncomplete (fs.js:107:15)' ] }
105 error Please try running this command again as root/Administrator.
106 error System Darwin 12.0.0
107 error command "node" "/usr/local/bin/npm" "install" "-g"
108 error cwd /Users/zhangjingjing/grunt-jquery/second_try
109 error node -v v0.10.24
110 error npm -v 1.3.21
111 error path /usr/local/lib/node_modules/jquery-plugin
112 error fstream_path /usr/local/lib/node_modules/jquery-plugin
113 error fstream_type Directory
114 error fstream_class DirWriter
115 error code EACCES
116 error errno 3
117 error stack Error: EACCES, mkdir '/usr/local/lib/node_modules/jquery-plugin'
118 error fstream_stack /usr/local/lib/node_modules/npm/node_modules/fstream/lib/dir-writer.js:36:23
118 error fstream_stack /usr/local/lib/node_modules/npm/node_modules/mkdirp/index.js:37:53
118 error fstream_stack Object.oncomplete (fs.js:107:15)
119 verbose exit [ 3, true ]
